Building DAG of jobs...
Using shell: /bin/bash
Provided cores: 30
Rules claiming more threads will be scaled down.
Job stats:
job                                            count    min threads    max threads
-------------------------------------------  -------  -------------  -------------
cat_checkm2_all                                    1              1              1
create_cluster_scores_bin_path_dictionaries        1              5              5
create_ripped_bins_avamb                           1              5              5
run_avamb                                          1             10             10
run_drep_manual_vamb_z_y                           1              5              5
samples_with_bins                                  1              1              1
target_rule                                        1              1              1
workflow_finished                                  1              1              1
total                                              8              1             10

Select jobs to execute...

[Fri Dec 23 20:53:21 2022]
rule run_avamb:
    input: /home/projects/cpr_10006/projects/aamb/datasets/urog/contigs.fna, /home/projects/cpr_10006/people/paupie/aae_new/bam_files_sorted/urog
    output: /home/projects/cpr_10006/projects/aamb/tests/test_workflow_no_mapping/avamb_outdir/avamb, /home/projects/cpr_10006/projects/aamb/tests/test_workflow_no_mapping/avamb_outdir/avamb/aae_z_clusters.tsv, /home/projects/cpr_10006/projects/aamb/tests/test_workflow_no_mapping/avamb_outdir/avamb/aae_y_clusters.tsv, /home/projects/cpr_10006/projects/aamb/tests/test_workflow_no_mapping/avamb_outdir/avamb/vae_clusters.tsv, /home/projects/cpr_10006/projects/aamb/tests/test_workflow_no_mapping/avamb_outdir/avamb/contignames, /home/projects/cpr_10006/projects/aamb/tests/test_workflow_no_mapping/avamb_outdir/avamb/lengths.npz
    log: /home/projects/cpr_10006/projects/aamb/tests/test_workflow_no_mapping/avamb_outdir/avamb/tmp/avamb_finished.log
    jobid: 7
    reason: Missing output files: /home/projects/cpr_10006/projects/aamb/tests/test_workflow_no_mapping/avamb_outdir/avamb/tmp/avamb_finished.log, /home/projects/cpr_10006/projects/aamb/tests/test_workflow_no_mapping/avamb_outdir/avamb/aae_y_clusters.tsv, /home/projects/cpr_10006/projects/aamb/tests/test_workflow_no_mapping/avamb_outdir/avamb/contignames, /home/projects/cpr_10006/projects/aamb/tests/test_workflow_no_mapping/avamb_outdir/avamb/lengths.npz, /home/projects/cpr_10006/projects/aamb/tests/test_workflow_no_mapping/avamb_outdir/avamb/aae_z_clusters.tsv, /home/projects/cpr_10006/projects/aamb/tests/test_workflow_no_mapping/avamb_outdir/avamb/vae_clusters.tsv
    threads: 10
    resources: tmpdir=/scratch/38399563

[Fri Dec 23 20:59:33 2022]
Finished job 7.
1 of 8 steps (12%) done
Select jobs to execute...

[Fri Dec 23 20:59:33 2022]
checkpoint samples_with_bins:
    input: /home/projects/cpr_10006/projects/aamb/tests/test_workflow_no_mapping/avamb_outdir/avamb/tmp/avamb_finished.log
    output: /home/projects/cpr_10006/projects/aamb/tests/test_workflow_no_mapping/avamb_outdir/avamb/tmp/samples_with_bins.txt
    jobid: 6
    reason: Missing output files: /home/projects/cpr_10006/projects/aamb/tests/test_workflow_no_mapping/avamb_outdir/avamb/tmp/samples_with_bins.txt; Input files updated by another job: /home/projects/cpr_10006/projects/aamb/tests/test_workflow_no_mapping/avamb_outdir/avamb/tmp/avamb_finished.log
    resources: tmpdir=/scratch/38399563
Downstream jobs will be updated after completion.

[Fri Dec 23 20:59:33 2022]
Finished job 6.
2 of 8 steps (25%) done
Select jobs to execute...

[Fri Dec 23 20:59:33 2022]
rule run_checkm2_per_sample_all_bins:
    input: /home/projects/cpr_10006/projects/aamb/tests/test_workflow_no_mapping/avamb_outdir/avamb/bins/S0, /home/projects/cpr_10006/projects/aamb/tests/test_workflow_no_mapping/avamb_outdir/avamb/tmp/checkm2_all
    output: /home/projects/cpr_10006/projects/aamb/tests/test_workflow_no_mapping/avamb_outdir/avamb/tmp/checkm2_all_S0_bins_finished.log
    jobid: 11
    reason: Missing output files: /home/projects/cpr_10006/projects/aamb/tests/test_workflow_no_mapping/avamb_outdir/avamb/tmp/checkm2_all_S0_bins_finished.log
    wildcards: sample=S0
    threads: 15
    resources: tmpdir=/scratch/38399563


[Fri Dec 23 20:59:33 2022]
rule run_checkm2_per_sample_all_bins:
    input: /home/projects/cpr_10006/projects/aamb/tests/test_workflow_no_mapping/avamb_outdir/avamb/bins/S21, /home/projects/cpr_10006/projects/aamb/tests/test_workflow_no_mapping/avamb_outdir/avamb/tmp/checkm2_all
    output: /home/projects/cpr_10006/projects/aamb/tests/test_workflow_no_mapping/avamb_outdir/avamb/tmp/checkm2_all_S21_bins_finished.log
    jobid: 13
    reason: Missing output files: /home/projects/cpr_10006/projects/aamb/tests/test_workflow_no_mapping/avamb_outdir/avamb/tmp/checkm2_all_S21_bins_finished.log
    wildcards: sample=S21
    threads: 15
    resources: tmpdir=/scratch/38399563

Terminating processes on user request, this might take some time.
Cancelling snakemake on user request.
