Building DAG of jobs...
Using shell: /bin/bash
Provided cores: 30
Rules claiming more threads will be scaled down.
Job stats:
job                                            count    min threads    max threads
-------------------------------------------  -------  -------------  -------------
cat_checkm2_all                                    1              1              1
create_cluster_scores_bin_path_dictionaries        1              5              5
create_ripped_bins_avamb                           1              5              5
run_avamb                                          1             10             10
run_drep_manual_vamb_z_y                           1              5              5
samples_with_bins                                  1              1              1
target_rule                                        1              1              1
workflow_finished                                  1              1              1
total                                              8              1             10

Select jobs to execute...

[Fri Dec 23 20:53:01 2022]
rule run_avamb:
    input: /home/projects/cpr_10006/projects/aamb/datasets/urog/contigs.fna, /home/projects/cpr_10006/people/paupie/aae_new/bam_files_sorted/urog
    output: /home/projects/cpr_10006/projects/aamb/tests/test_workflow_no_mapping/avamb_outdir/avamb, /home/projects/cpr_10006/projects/aamb/tests/test_workflow_no_mapping/avamb_outdir/avamb/aae_z_clusters.tsv, /home/projects/cpr_10006/projects/aamb/tests/test_workflow_no_mapping/avamb_outdir/avamb/aae_y_clusters.tsv, /home/projects/cpr_10006/projects/aamb/tests/test_workflow_no_mapping/avamb_outdir/avamb/vae_clusters.tsv, /home/projects/cpr_10006/projects/aamb/tests/test_workflow_no_mapping/avamb_outdir/avamb/contignames, /home/projects/cpr_10006/projects/aamb/tests/test_workflow_no_mapping/avamb_outdir/avamb/lengths.npz
    log: /home/projects/cpr_10006/projects/aamb/tests/test_workflow_no_mapping/avamb_outdir/avamb/tmp/avamb_finished.log
    jobid: 7
    reason: Missing output files: /home/projects/cpr_10006/projects/aamb/tests/test_workflow_no_mapping/avamb_outdir/avamb/tmp/avamb_finished.log, /home/projects/cpr_10006/projects/aamb/tests/test_workflow_no_mapping/avamb_outdir/avamb/aae_z_clusters.tsv, /home/projects/cpr_10006/projects/aamb/tests/test_workflow_no_mapping/avamb_outdir/avamb/aae_y_clusters.tsv, /home/projects/cpr_10006/projects/aamb/tests/test_workflow_no_mapping/avamb_outdir/avamb/vae_clusters.tsv, /home/projects/cpr_10006/projects/aamb/tests/test_workflow_no_mapping/avamb_outdir/avamb/lengths.npz, /home/projects/cpr_10006/projects/aamb/tests/test_workflow_no_mapping/avamb_outdir/avamb/contignames
    threads: 10
    resources: tmpdir=/scratch/38399563

[Fri Dec 23 20:53:03 2022]
Error in rule run_avamb:
    jobid: 7
    output: /home/projects/cpr_10006/projects/aamb/tests/test_workflow_no_mapping/avamb_outdir/avamb, /home/projects/cpr_10006/projects/aamb/tests/test_workflow_no_mapping/avamb_outdir/avamb/aae_z_clusters.tsv, /home/projects/cpr_10006/projects/aamb/tests/test_workflow_no_mapping/avamb_outdir/avamb/aae_y_clusters.tsv, /home/projects/cpr_10006/projects/aamb/tests/test_workflow_no_mapping/avamb_outdir/avamb/vae_clusters.tsv, /home/projects/cpr_10006/projects/aamb/tests/test_workflow_no_mapping/avamb_outdir/avamb/contignames, /home/projects/cpr_10006/projects/aamb/tests/test_workflow_no_mapping/avamb_outdir/avamb/lengths.npz
    log: /home/projects/cpr_10006/projects/aamb/tests/test_workflow_no_mapping/avamb_outdir/avamb/tmp/avamb_finished.log (check log file(s) for error message)
    shell:
        rm -r /home/projects/cpr_10006/projects/aamb/tests/test_workflow_no_mapping/avamb_outdir/avamb  && vamb --outdir /home/projects/cpr_10006/projects/aamb/tests/test_workflow_no_mapping/avamb_outdir/avamb --fasta /home/projects/cpr_10006/projects/aamb/datasets/urog/contigs.fna --bamfiles /home/projects/cpr_10006/people/paupie/aae_new/bam_files_sorted/urog*.bam  -o C --minfasta 200000  -e 2 -q 1 --e_aae 2 --q_aae 2 -m 2000 --minfasta 200000; touch /home/projects/cpr_10006/projects/aamb/tests/test_workflow_no_mapping/avamb_outdir/avamb/tmp/avamb_finished.log
        (one of the commands exited with non-zero exit code; note that snakemake uses bash strict mode!)

Removing output files of failed job run_avamb since they might be corrupted:
/home/projects/cpr_10006/projects/aamb/tests/test_workflow_no_mapping/avamb_outdir/avamb
Shutting down, this might take some time.
Exiting because a job execution failed. Look above for error message
Complete log: .snakemake/log/2022-12-23T205259.180783.snakemake.log
