Building DAG of jobs...
Using shell: /bin/bash
Provided cores: 30
Rules claiming more threads will be scaled down.
Job stats:
job                                            count    min threads    max threads
-------------------------------------------  -------  -------------  -------------
cat_checkm2_all                                    1              1              1
cat_contigs                                        1              1              1
create_cluster_scores_bin_path_dictionaries        1              5              5
create_ripped_bins_avamb                           1              5              5
dict                                               1              1              1
index                                              1              1              1
minimap                                            2             15             15
run_avamb                                          1             10             10
run_drep_manual_vamb_z_y                           1              5              5
samples_with_bins                                  1              1              1
sort                                               2              2              2
target_rule                                        1              1              1
workflow_finished                                  1              1              1
total                                             15              1             15

Select jobs to execute...

[Wed Dec 21 23:50:08 2022]
rule cat_contigs:
    input: /home/projects/cpr_10006/people/paupie/graph_vamb/mps_run_standard_cami2/cami2_airways_assembly_sample_10/contigs.fasta, /home/projects/cpr_10006/people/paupie/graph_vamb/mps_run_standard_cami2/cami2_airways_assembly_sample_11/contigs.fasta
    output: avamb_outdir/contigs.flt.fna.gz
    log: avamb_outdir/log/contigs/catcontigs.log
    jobid: 8
    reason: Missing output files: avamb_outdir/contigs.flt.fna.gz
    resources: tmpdir=/scratch/38386649

[Wed Dec 21 23:50:17 2022]
Finished job 8.
1 of 15 steps (7%) done
Select jobs to execute...

[Wed Dec 21 23:50:17 2022]
rule index:
    input: avamb_outdir/contigs.flt.fna.gz
    output: avamb_outdir/contigs.flt.mmi
    log: avamb_outdir/log/contigs/index.log
    jobid: 11
    reason: Missing output files: avamb_outdir/contigs.flt.mmi; Input files updated by another job: avamb_outdir/contigs.flt.fna.gz
    resources: tmpdir=/scratch/38386649


[Wed Dec 21 23:50:17 2022]
rule dict:
    input: avamb_outdir/contigs.flt.fna.gz
    output: avamb_outdir/contigs.flt.dict
    log: avamb_outdir/log/contigs/dict.log
    jobid: 12
    reason: Missing output files: avamb_outdir/contigs.flt.dict; Input files updated by another job: avamb_outdir/contigs.flt.fna.gz
    resources: tmpdir=/scratch/38386649

[Wed Dec 21 23:50:17 2022]
[Wed Dec 21 23:50:17 2022]
Error in rule index:
    jobid: 11
    output: avamb_outdir/contigs.flt.mmi
    log: avamb_outdir/log/contigs/index.log (check log file(s) for error message)
    shell:
        minimap2 -I 3G -d avamb_outdir/contigs.flt.mmi avamb_outdir/contigs.flt.fna.gz 2> avamb_outdir/log/contigs/index.log
        (one of the commands exited with non-zero exit code; note that snakemake uses bash strict mode!)

Error in rule dict:
    jobid: 12
    output: avamb_outdir/contigs.flt.dict
    log: avamb_outdir/log/contigs/dict.log (check log file(s) for error message)
    shell:
        samtools dict avamb_outdir/contigs.flt.fna.gz | cut -f1-3 > avamb_outdir/contigs.flt.dict 2> avamb_outdir/log/contigs/dict.log
        (one of the commands exited with non-zero exit code; note that snakemake uses bash strict mode!)

Removing output files of failed job dict since they might be corrupted:
avamb_outdir/contigs.flt.dict
Shutting down, this might take some time.
Exiting because a job execution failed. Look above for error message
Complete log: .snakemake/log/2022-12-21T235006.612399.snakemake.log
