Building DAG of jobs...
Using shell: /bin/bash
Provided cores: 30
Rules claiming more threads will be scaled down.
Job stats:
job                                            count    min threads    max threads
-------------------------------------------  -------  -------------  -------------
create_cluster_scores_bin_path_dictionaries        1              5              5
create_ripped_bins_avamb                           1              5              5
run_drep_manual_vamb_z_y                           1              5              5
target_rule                                        1              1              1
workflow_finished                                  1              1              1
total                                              5              1              5

Select jobs to execute...

[Thu Dec 22 00:51:12 2022]
rule create_cluster_scores_bin_path_dictionaries:
    input: avamb_outdir/avamb/tmp/checkm2_finished.txt
    output: avamb_outdir/avamb/tmp/cs_d_avamb.json, avamb_outdir/avamb/tmp/bp_d_avamb.json
    jobid: 4
    reason: Missing output files: avamb_outdir/avamb/tmp/bp_d_avamb.json, avamb_outdir/avamb/tmp/cs_d_avamb.json; Input files updated by another job: avamb_outdir/avamb/tmp/checkm2_finished.txt
    threads: 5
    resources: tmpdir=/scratch/38386649

[Thu Dec 22 00:51:12 2022]
Finished job 4.
1 of 5 steps (20%) done
Select jobs to execute...

[Thu Dec 22 00:51:12 2022]
rule run_drep_manual_vamb_z_y:
    input: avamb_outdir/avamb/tmp/cs_d_avamb.json, avamb_outdir/avamb/contignames, avamb_outdir/avamb/lengths.npz, avamb_outdir/avamb/aae_z_clusters.tsv, avamb_outdir/avamb/aae_y_clusters.tsv, avamb_outdir/avamb/vae_clusters.tsv
    output: avamb_outdir/avamb/tmp/avamb_manual_drep_clusters.tsv
    jobid: 3
    reason: Missing output files: avamb_outdir/avamb/tmp/avamb_manual_drep_clusters.tsv; Input files updated by another job: avamb_outdir/avamb/tmp/cs_d_avamb.json
    threads: 5
    resources: tmpdir=/scratch/38386649

[Thu Dec 22 00:51:13 2022]
Finished job 3.
2 of 5 steps (40%) done
Select jobs to execute...

[Thu Dec 22 00:51:13 2022]
checkpoint create_ripped_bins_avamb:
    input: avamb_outdir/avamb/tmp/avamb_manual_drep_clusters.tsv, avamb_outdir/avamb/tmp/bp_d_avamb.json
    output: avamb_outdir/avamb/tmp/avamb_manual_drep_not_ripped_clusters.tsv
    log: avamb_outdir/avamb/tmp/bins_ripped_avamb.log
    jobid: 2
    reason: Missing output files: avamb_outdir/avamb/tmp/avamb_manual_drep_not_ripped_clusters.tsv; Input files updated by another job: avamb_outdir/avamb/tmp/avamb_manual_drep_clusters.tsv, avamb_outdir/avamb/tmp/bp_d_avamb.json
    threads: 5
    resources: tmpdir=/scratch/38386649
Downstream jobs will be updated after completion.

[Thu Dec 22 00:51:15 2022]
Finished job 2.
3 of 5 steps (60%) done
InputFunctionExceptionin line 482 of /home/projects/cpr_10006/projects/aamb/avamb/vamb/workflow_avamb/avamb.snake.conda.py:
Error:
  IndexError: list index out of range
Wildcards:

Traceback:
  File "/home/projects/cpr_10006/projects/aamb/avamb/vamb/workflow_avamb/avamb.snake.conda.py", line 385, in ripped_bins_avamb_check_output_f
